New log file opened at Wed Jun 29 15:44:46 UTC 2016 by 5618@twrichards-emmishviz-3436915
Sending msg to client activator-f0e71266-98cd-465d-b744-994e6490d9fe: DetachedLogEvent(LogMessage(debug,sbt server socket logs are in: /home/ubuntu/workspace/emmishviz-play-app/.sbtserver/connections/master.log))
Sending msg to client activator-f0e71266-98cd-465d-b744-994e6490d9fe: DetachedLogEvent(LogMessage(debug,sbt client logs are in: /home/ubuntu/workspace/emmishviz-play-app/.sbtserver/connections/activator-f0e71266-98cd-465d-b744-994e6490d9fe.log))
Reading next message from client.
Sending msg to client activator-f0e71266-98cd-465d-b744-994e6490d9fe: DetachedLogEvent(LogMessage(debug,sbt general server logs are in: /home/ubuntu/workspace/emmishviz-play-app/.sbtserver/master.log))
Got request: ListenToEvents()
Reading next message from client.
Got request: ListenToBuildChange()
Reading next message from client.
Got request: SendSyntheticBuildChanged()
Reading next message from client.
Got request: KeyLookupRequest(discoveredMainClasses)
Reading next message from client.
Got request: KeyLookupRequest(mainClass)
Reading next message from client.
Sending msg to client activator-f0e71266-98cd-465d-b744-994e6490d9fe: (3,ReceivedResponse())
Sending msg to client activator-f0e71266-98cd-465d-b744-994e6490d9fe: DetachedLogEvent(LogMessage(debug,[Loading] Scanning directory /home/ubuntu/workspace/emmishviz-play-app/project))
Got request: UnlistenToEvents()
Reading next message from client.
Sending msg to client activator-f0e71266-98cd-465d-b744-994e6490d9fe: (8,ReceivedResponse())
Got request: UnlistenToBuildChange()
Reading next message from client.
Client activator-f0e71266-98cd-465d-b744-994e6490d9fe EOF, shutting down.
Stopping client.
Dropping message (0,ReceivedResponse()) to dead client activator-f0e71266-98cd-465d-b744-994e6490d9fe
Client activator-f0e71266-98cd-465d-b744-994e6490d9fe thread exiting.
